android-app/app/build/intermediates/manifest_merge_blame_file/debug/manifest-merger-blame-debug-report.txt
1<?xml version="1.0" encoding="utf-8"?>
2<manifest xmlns:android="http://schemas.android.com/apk/res/android"
3    package="com.andtracker"
4    android:versionCode="1"
5    android:versionName="1.0" >
6
7    <uses-sdk
8        android:minSdkVersion="21"
9        android:targetSdkVersion="34" />
10
11    <uses-permission android:name="android.permission.INTERNET" />
11-->src/main/AndroidManifest.xml:5:5-67
11-->src/main/AndroidManifest.xml:5:22-64
12    <uses-permission android:name="android.permission.RECEIVE_BOOT_COMPLETED" />
12-->src/main/AndroidManifest.xml:6:5-81
12-->src/main/AndroidManifest.xml:6:22-78
13    <uses-permission android:name="android.permission.FOREGROUND_SERVICE" />
13-->src/main/AndroidManifest.xml:7:5-77
13-->src/main/AndroidManifest.xml:7:22-74
14    <!-- Required for MediaProjection foreground service on Android 14+ -->
15    <uses-permission android:name="android.permission.FOREGROUND_SERVICE_MEDIA_PROJECTION" />
15-->src/main/AndroidManifest.xml:9:5-94
15-->src/main/AndroidManifest.xml:9:22-91
16    <uses-permission android:name="android.permission.POST_NOTIFICATIONS" />
16-->src/main/AndroidManifest.xml:10:5-77
16-->src/main/AndroidManifest.xml:10:22-74
17    <uses-permission android:name="android.permission.WAKE_LOCK" />
17-->src/main/AndroidManifest.xml:11:5-68
17-->src/main/AndroidManifest.xml:11:22-65
18    <uses-permission android:name="android.permission.ACCESS_NETWORK_STATE" />
18-->[io.getstream:stream-webrtc-android:1.3.8] AndroidManifest.xml:23:5-79
18-->[io.getstream:stream-webrtc-android:1.3.8] AndroidManifest.xml:23:22-76
19
20    <permission
20-->[androidx.core:core:1.9.0] AndroidManifest.xml:22:5-24:47
21        android:name="com.andtracker.DYNAMIC_RECEIVER_NOT_EXPORTED_PERMISSION"
21-->[androidx.core:core:1.9.0] AndroidManifest.xml:23:9-81
22        android:protectionLevel="signature" />
22-->[androidx.core:core:1.9.0] AndroidManifest.xml:24:9-44
23
24    <uses-permission android:name="com.andtracker.DYNAMIC_RECEIVER_NOT_EXPORTED_PERMISSION" />
24-->[androidx.core:core:1.9.0] AndroidManifest.xml:26:5-97
24-->[androidx.core:core:1.9.0] AndroidManifest.xml:26:22-94
25
26    <application
26-->src/main/AndroidManifest.xml:13:5-60:19
27        android:allowBackup="true"
27-->src/main/AndroidManifest.xml:14:9-35
28        android:appComponentFactory="androidx.core.app.CoreComponentFactory"
28-->[androidx.core:core:1.9.0] AndroidManifest.xml:28:18-86
29        android:debuggable="true"
30        android:extractNativeLibs="true"
31        android:icon="@drawable/ic_launcher"
31-->src/main/AndroidManifest.xml:15:9-45
32        android:label="@string/app_name"
32-->src/main/AndroidManifest.xml:16:9-41
33        android:roundIcon="@drawable/ic_launcher_round"
33-->src/main/AndroidManifest.xml:17:9-56
34        android:supportsRtl="true"
34-->src/main/AndroidManifest.xml:18:9-35
35        android:theme="@style/Theme.AppCompat.Light.DarkActionBar" >
35-->src/main/AndroidManifest.xml:19:9-67
36        <activity
36-->src/main/AndroidManifest.xml:22:9-25:20
37            android:name="com.andtracker.MainActivity"
37-->src/main/AndroidManifest.xml:23:13-41
38            android:exported="true" >
38-->src/main/AndroidManifest.xml:24:13-36
39        </activity>
40        <activity
40-->src/main/AndroidManifest.xml:27:9-29:40
41            android:name="com.andtracker.ScreenShareActivity"
41-->src/main/AndroidManifest.xml:28:13-48
42            android:exported="false" />
42-->src/main/AndroidManifest.xml:29:13-37
43
44        <service
44-->src/main/AndroidManifest.xml:31:9-41:19
45            android:name="com.andtracker.KeyTrackerService"
45-->src/main/AndroidManifest.xml:32:13-46
46            android:exported="true"
46-->src/main/AndroidManifest.xml:34:13-36
47            android:permission="android.permission.BIND_ACCESSIBILITY_SERVICE" >
47-->src/main/AndroidManifest.xml:33:13-79
48            <intent-filter>
48-->src/main/AndroidManifest.xml:35:13-37:29
49                <action android:name="android.accessibilityservice.AccessibilityService" />
49-->src/main/AndroidManifest.xml:36:17-92
49-->src/main/AndroidManifest.xml:36:25-89
50            </intent-filter>
51
52            <meta-data
52-->src/main/AndroidManifest.xml:38:13-40:72
53                android:name="android.accessibilityservice"
53-->src/main/AndroidManifest.xml:39:17-60
54                android:resource="@xml/accessibility_service_config" />
54-->src/main/AndroidManifest.xml:40:17-69
55        </service>
56
57        <receiver
57-->src/main/AndroidManifest.xml:43:9-53:20
58            android:name="com.andtracker.BootReceiver"
58-->src/main/AndroidManifest.xml:44:13-41
59            android:enabled="true"
59-->src/main/AndroidManifest.xml:45:13-35
60            android:exported="true"
60-->src/main/AndroidManifest.xml:46:13-36
61            android:permission="android.permission.RECEIVE_BOOT_COMPLETED" >
61-->src/main/AndroidManifest.xml:47:13-75
62            <intent-filter>
62-->src/main/AndroidManifest.xml:48:13-52:29
63                <action android:name="android.intent.action.BOOT_COMPLETED" />
63-->src/main/AndroidManifest.xml:49:17-79
63-->src/main/AndroidManifest.xml:49:25-76
64                <action android:name="android.intent.action.QUICKBOOT_POWERON" />
64-->src/main/AndroidManifest.xml:50:17-82
64-->src/main/AndroidManifest.xml:50:25-79
65
66                <category android:name="android.intent.category.DEFAULT" />
66-->src/main/AndroidManifest.xml:51:17-76
66-->src/main/AndroidManifest.xml:51:27-73
67            </intent-filter>
68        </receiver>
69
70        <service
70-->src/main/AndroidManifest.xml:55:9-58:63
71            android:name="com.andtracker.ScreenShareForegroundService"
71-->src/main/AndroidManifest.xml:56:13-57
72            android:exported="false"
72-->src/main/AndroidManifest.xml:57:13-37
73            android:foregroundServiceType="mediaProjection" />
73-->src/main/AndroidManifest.xml:58:13-60
74
75        <provider
75-->[androidx.emoji2:emoji2:1.2.0] AndroidManifest.xml:24:9-32:20
76            android:name="androidx.startup.InitializationProvider"
76-->[androidx.emoji2:emoji2:1.2.0] AndroidManifest.xml:25:13-67
77            android:authorities="com.andtracker.androidx-startup"
77-->[androidx.emoji2:emoji2:1.2.0] AndroidManifest.xml:26:13-68
78            android:exported="false" >
78-->[androidx.emoji2:emoji2:1.2.0] AndroidManifest.xml:27:13-37
79            <meta-data
79-->[androidx.emoji2:emoji2:1.2.0] AndroidManifest.xml:29:13-31:52
80                android:name="androidx.emoji2.text.EmojiCompatInitializer"
80-->[androidx.emoji2:emoji2:1.2.0] AndroidManifest.xml:30:17-75
81                android:value="androidx.startup" />
81-->[androidx.emoji2:emoji2:1.2.0] AndroidManifest.xml:31:17-49
82            <meta-data
82-->[androidx.lifecycle:lifecycle-process:2.4.1] AndroidManifest.xml:31:13-33:52
83                android:name="androidx.lifecycle.ProcessLifecycleInitializer"
83-->[androidx.lifecycle:lifecycle-process:2.4.1] AndroidManifest.xml:32:17-78
84                android:value="androidx.startup" />
84-->[androidx.lifecycle:lifecycle-process:2.4.1] AndroidManifest.xml:33:17-49
85        </provider>
86    </application>
87
88</manifest>